# JRE version: Java(TM) SE Runtime Environment (8.0_111-b14) (build 1.8.0_111-b14)
# Java VM: Java HotSpot(TM) 64-Bit Server VM (25.111-b14 mixed mode windows-amd64 compressed oops)
Heap:
 PSYoungGen      total 210432K, used 123869K [0x00000000d6000000, 0x00000000e9b80000, 0x0000000100000000)
  eden space 194048K, 63% used [0x00000000d6000000,0x00000000dd8f7608,0x00000000e1d80000)
  from space 16384K, 0% used [0x00000000e1d80000,0x00000000e1d80000,0x00000000e2d80000)
  to   space 15872K, 0% used [0x00000000e8c00000,0x00000000e8c00000,0x00000000e9b80000)
 ParOldGen       total 75264K, used 21692K [0x0000000082000000, 0x0000000086980000, 0x00000000d6000000)
  object space 75264K, 28% used [0x0000000082000000,0x000000008352f338,0x0000000086980000)
 Metaspace       used 43109K, capacity 44698K, committed 44928K, reserved 1087488K
  class space    used 5869K, capacity 6208K, committed 6272K, reserved 1048576K
GC Heap History (10 events):
Event: 4.544 GC heap before
{Heap before GC invocations=7 (full 1):
 PSYoungGen      total 70656K, used 65536K [0x00000000d6000000, 0x00000000df100000, 0x0000000100000000)
  eden space 65536K, 100% used [0x00000000d6000000,0x00000000da000000,0x00000000da000000)
  from space 5120K, 0% used [0x00000000da000000,0x00000000da000000,0x00000000da500000)
  to   space 8704K, 0% used [0x00000000de880000,0x00000000de880000,0x00000000df100000)
 ParOldGen       total 49152K, used 5802K [0x0000000082000000, 0x0000000085000000, 0x00000000d6000000)
  object space 49152K, 11% used [0x0000000082000000,0x00000000825aab30,0x0000000085000000)
 Metaspace       used 23013K, capacity 23690K, committed 23808K, reserved 1069056K
  class space    used 3092K, capacity 3288K, committed 3328K, reserved 1048576K
Event: 4.557 GC heap after
Heap after GC invocations=7 (full 1):
 PSYoungGen      total 122880K, used 7286K [0x00000000d6000000, 0x00000000df000000, 0x0000000100000000)
  eden space 115200K, 0% used [0x00000000d6000000,0x00000000d6000000,0x00000000dd080000)
  from space 7680K, 94% used [0x00000000de880000,0x00000000def9d8b8,0x00000000df000000)
  to   space 8704K, 0% used [0x00000000ddf00000,0x00000000ddf00000,0x00000000de780000)
 ParOldGen       total 49152K, used 5874K [0x0000000082000000, 0x0000000085000000, 0x00000000d6000000)
  object space 49152K, 11% used [0x0000000082000000,0x00000000825bcb40,0x0000000085000000)
 Metaspace       used 23013K, capacity 23690K, committed 23808K, reserved 1069056K
  class space    used 3092K, capacity 3288K, committed 3328K, reserved 1048576K
}
Event: 7.945 GC heap before
{Heap before GC invocations=8 (full 1):
 PSYoungGen      total 122880K, used 122486K [0x00000000d6000000, 0x00000000df000000, 0x0000000100000000)
  eden space 115200K, 100% used [0x00000000d6000000,0x00000000dd080000,0x00000000dd080000)
  from space 7680K, 94% used [0x00000000de880000,0x00000000def9d8b8,0x00000000df000000)
  to   space 8704K, 0% used [0x00000000ddf00000,0x00000000ddf00000,0x00000000de780000)
 ParOldGen       total 49152K, used 5874K [0x0000000082000000, 0x0000000085000000, 0x00000000d6000000)
  object space 49152K, 11% used [0x0000000082000000,0x00000000825bcb40,0x0000000085000000)
 Metaspace       used 29184K, capacity 30516K, committed 30720K, reserved 1075200K
  class space    used 3964K, capacity 4247K, committed 4352K, reserved 1048576K
Event: 7.970 GC heap after
Heap after GC invocations=8 (full 1):
 PSYoungGen      total 138752K, used 8678K [0x00000000d6000000, 0x00000000e3a80000, 0x0000000100000000)
  eden space 130048K, 0% used [0x00000000d6000000,0x00000000d6000000,0x00000000ddf00000)
  from space 8704K, 99% used [0x00000000ddf00000,0x00000000de779b70,0x00000000de780000)
  to   space 13312K, 0% used [0x00000000e2d80000,0x00000000e2d80000,0x00000000e3a80000)
 ParOldGen       total 49152K, used 13136K [0x0000000082000000, 0x0000000085000000, 0x00000000d6000000)
  object space 49152K, 26% used [0x0000000082000000,0x0000000082cd4258,0x0000000085000000)
 Metaspace       used 29184K, capacity 30516K, committed 30720K, reserved 1075200K
  class space    used 3964K, capacity 4247K, committed 4352K, reserved 1048576K
}
Event: 9.828 GC heap before
{Heap before GC invocations=9 (full 1):
 PSYoungGen      total 138752K, used 138726K [0x00000000d6000000, 0x00000000e3a80000, 0x0000000100000000)
  eden space 130048K, 100% used [0x00000000d6000000,0x00000000ddf00000,0x00000000ddf00000)
  from space 8704K, 99% used [0x00000000ddf00000,0x00000000de779b70,0x00000000de780000)
  to   space 13312K, 0% used [0x00000000e2d80000,0x00000000e2d80000,0x00000000e3a80000)
 ParOldGen       total 49152K, used 13136K [0x0000000082000000, 0x0000000085000000, 0x00000000d6000000)
  object space 49152K, 26% used [0x0000000082000000,0x0000000082cd4258,0x0000000085000000)
 Metaspace       used 33266K, capacity 34678K, committed 34944K, reserved 1079296K
  class space    used 4419K, capacity 4714K, committed 4736K, reserved 1048576K
Event: 9.857 GC heap after
Heap after GC invocations=9 (full 1):
 PSYoungGen      total 207360K, used 13285K [0x00000000d6000000, 0x00000000e5580000, 0x0000000100000000)
  eden space 194048K, 0% used [0x00000000d6000000,0x00000000d6000000,0x00000000e1d80000)
  from space 13312K, 99% used [0x00000000e2d80000,0x00000000e3a79588,0x00000000e3a80000)
  to   space 16384K, 0% used [0x00000000e1d80000,0x00000000e1d80000,0x00000000e2d80000)
 ParOldGen       total 49152K, used 15495K [0x0000000082000000, 0x0000000085000000, 0x00000000d6000000)
  object space 49152K, 31% used [0x0000000082000000,0x0000000082f21ed0,0x0000000085000000)
 Metaspace       used 33266K, capacity 34678K, committed 34944K, reserved 1079296K
  class space    used 4419K, capacity 4714K, committed 4736K, reserved 1048576K
}
Event: 9.943 GC heap before
{Heap before GC invocations=10 (full 1):
 PSYoungGen      total 207360K, used 27463K [0x00000000d6000000, 0x00000000e5580000, 0x0000000100000000)
  eden space 194048K, 7% used [0x00000000d6000000,0x00000000d6dd88f0,0x00000000e1d80000)
  from space 13312K, 99% used [0x00000000e2d80000,0x00000000e3a79588,0x00000000e3a80000)
  to   space 16384K, 0% used [0x00000000e1d80000,0x00000000e1d80000,0x00000000e2d80000)
 ParOldGen       total 49152K, used 15495K [0x0000000082000000, 0x0000000085000000, 0x00000000d6000000)
  object space 49152K, 31% used [0x0000000082000000,0x0000000082f21ed0,0x0000000085000000)
 Metaspace       used 33927K, capacity 35310K, committed 35496K, reserved 1079296K
  class space    used 4458K, capacity 4750K, committed 4864K, reserved 1048576K
Event: 9.963 GC heap after
Heap after GC invocations=10 (full 1):
 PSYoungGen      total 210432K, used 10061K [0x00000000d6000000, 0x00000000e9b80000, 0x0000000100000000)
  eden space 194048K, 0% used [0x00000000d6000000,0x00000000d6000000,0x00000000e1d80000)
  from space 16384K, 61% used [0x00000000e1d80000,0x00000000e27536a0,0x00000000e2d80000)
  to   space 15872K, 0% used [0x00000000e8c00000,0x00000000e8c00000,0x00000000e9b80000)
 ParOldGen       total 49152K, used 19214K [0x0000000082000000, 0x0000000085000000, 0x00000000d6000000)
  object space 49152K, 39% used [0x0000000082000000,0x00000000832c3948,0x0000000085000000)
 Metaspace       used 33927K, capacity 35310K, committed 35496K, reserved 1079296K
  class space    used 4458K, capacity 4750K, committed 4864K, reserved 1048576K
}
Event: 9.963 GC heap before
{Heap before GC invocations=11 (full 2):
 PSYoungGen      total 210432K, used 10061K [0x00000000d6000000, 0x00000000e9b80000, 0x0000000100000000)
  eden space 194048K, 0% used [0x00000000d6000000,0x00000000d6000000,0x00000000e1d80000)
  from space 16384K, 61% used [0x00000000e1d80000,0x00000000e27536a0,0x00000000e2d80000)
  to   space 15872K, 0% used [0x00000000e8c00000,0x00000000e8c00000,0x00000000e9b80000)
 ParOldGen       total 49152K, used 19214K [0x0000000082000000, 0x0000000085000000, 0x00000000d6000000)
  object space 49152K, 39% used [0x0000000082000000,0x00000000832c3948,0x0000000085000000)
 Metaspace       used 33927K, capacity 35310K, committed 35496K, reserved 1079296K
  class space    used 4458K, capacity 4750K, committed 4864K, reserved 1048576K
Event: 10.067 GC heap after
Heap after GC invocations=11 (full 2):
 PSYoungGen      total 210432K, used 0K [0x00000000d6000000, 0x00000000e9b80000, 0x0000000100000000)
  eden space 194048K, 0% used [0x00000000d6000000,0x00000000d6000000,0x00000000e1d80000)
  from space 16384K, 0% used [0x00000000e1d80000,0x00000000e1d80000,0x00000000e2d80000)
  to   space 15872K, 0% used [0x00000000e8c00000,0x00000000e8c00000,0x00000000e9b80000)
 ParOldGen       total 75264K, used 21692K [0x0000000082000000, 0x0000000086980000, 0x00000000d6000000)
  object space 75264K, 28% used [0x0000000082000000,0x000000008352f338,0x0000000086980000)
 Metaspace       used 33927K, capacity 35310K, committed 35496K, reserved 1079296K
  class space    used 4458K, capacity 4750K, committed 4864K, reserved 1048576K
}

